Flow report for ex04
Thu May 05 16:04:38 2022
Quartus II 64-Bit Version 13.1.0 Build 162 10/23/2013 SJ Web Edition


---------------------
; Table of Contents ;
---------------------
  1. Legal Notice
  2. Flow Summary
  3. Flow Settings
  4. Flow Non-Default Global Settings
  5. Flow Elapsed Time
  6. Flow OS Summary
  7. Flow Log
  8. Flow Messages
  9. Flow Suppressed Messages



----------------
; Legal Notice ;
----------------
Copyright (C) 1991-2013 Altera Corporation
Your use of Altera Corporation's design tools, logic functions 
and other software and tools, and its AMPP partner logic 
functions, and any output files from any of the foregoing 
(including device programming or simulation files), and any 
associated documentation or information are expressly subject 
to the terms and conditions of the Altera Program License 
Subscription Agreement, Altera MegaCore Function License 
Agreement, or other applicable license agreement, including, 
without limitation, that your use is for the sole purpose of 
programming logic devices manufactured by Altera and sold by 
Altera or its authorized distributors.  Please refer to the 
applicable agreement for further details.



+---------------------------------------------------------------------------------+
; Flow Summary                                                                    ;
+------------------------------------+--------------------------------------------+
; Flow Status                        ; Successful - Thu May 05 16:04:38 2022      ;
; Quartus II 64-Bit Version          ; 13.1.0 Build 162 10/23/2013 SJ Web Edition ;
; Revision Name                      ; ex04                                       ;
; Top-level Entity Name              ; ex04                                       ;
; Family                             ; Cyclone III                                ;
; Total logic elements               ; 1 / 5,136 ( < 1 % )                        ;
;     Total combinational functions  ; 1 / 5,136 ( < 1 % )                        ;
;     Dedicated logic registers      ; 0 / 5,136 ( 0 % )                          ;
; Total registers                    ; 0                                          ;
; Total pins                         ; 5 / 183 ( 3 % )                            ;
; Total virtual pins                 ; 0                                          ;
; Total memory bits                  ; 0 / 423,936 ( 0 % )                        ;
; Embedded Multiplier 9-bit elements ; 0 / 46 ( 0 % )                             ;
; Total PLLs                         ; 0 / 2 ( 0 % )                              ;
; Device                             ; EP3C5F256C6                                ;
; Timing Models                      ; Final                                      ;
+------------------------------------+--------------------------------------------+


+-----------------------------------------+
; Flow Settings                           ;
+-------------------+---------------------+
; Option            ; Setting             ;
+-------------------+---------------------+
; Start date & time ; 05/05/2022 15:59:44 ;
; Main task         ; Compilation         ;
; Revision Name     ; ex04                ;
+-------------------+---------------------+


+-----------------------------------------------------------------------------------------------------------------------------------------------------------------------------------------------+
; Flow Non-Default Global Settings                                                                                                                                                              ;
+-------------------------------------+----------------------------------------------------------------------------------------------------+---------------+-------------+----------------------+
; Assignment Name                     ; Value                                                                                              ; Default Value ; Entity Name ; Section Id           ;
+-------------------------------------+----------------------------------------------------------------------------------------------------+---------------+-------------+----------------------+
; COMPILER_SIGNATURE_ID               ; 105658699317344.165174658434620                                                                    ; --            ; --          ; --                   ;
; EDA_DESIGN_ENTRY_SYNTHESIS_TOOL     ; DK Design Suite                                                                                    ; <None>        ; --          ; --                   ;
; EDA_GENERATE_FUNCTIONAL_NETLIST     ; On                                                                                                 ; --            ; --          ; eda_simulation       ;
; EDA_INPUT_DATA_FORMAT               ; Edif                                                                                               ; --            ; --          ; eda_design_synthesis ;
; EDA_LMF_FILE                        ; agility.lmf                                                                                        ; --            ; --          ; eda_design_synthesis ;
; EDA_NETLIST_WRITER_OUTPUT_DIR       ; D:/DE/Experiment--04-Implementation-of-combinational-logic-using-universal-gates-/simulation/qsim/ ; --            ; --          ; eda_simulation       ;
; EDA_OUTPUT_DATA_FORMAT              ; Verilog Hdl                                                                                        ; --            ; --          ; eda_simulation       ;
; EDA_SIMULATION_TOOL                 ; ModelSim-Altera (Verilog)                                                                          ; <None>        ; --          ; --                   ;
; PARTITION_COLOR                     ; 16764057                                                                                           ; --            ; --          ; Top                  ;
; PARTITION_FITTER_PRESERVATION_LEVEL ; PLACEMENT_AND_ROUTING                                                                              ; --            ; --          ; Top                  ;
; PARTITION_NETLIST_TYPE              ; SOURCE                                                                                             ; --            ; --          ; Top                  ;
; PROJECT_OUTPUT_DIRECTORY            ; output_files                                                                                       ; --            ; --          ; --                   ;
+-------------------------------------+----------------------------------------------------------------------------------------------------+---------------+-------------+----------------------+


+-------------------------------------------------------------------------------------------------------------------------------+
; Flow Elapsed Time                                                                                                             ;
+---------------------------+--------------+-------------------------+---------------------+------------------------------------+
; Module Name               ; Elapsed Time ; Average Processors Used ; Peak Virtual Memory ; Total CPU Time (on all processors) ;
+---------------------------+--------------+-------------------------+---------------------+------------------------------------+
; Analysis & Synthesis      ; 00:00:01     ; 1.0                     ; 4608 MB             ; 00:00:01                           ;
; Fitter                    ; 00:00:04     ; 1.0                     ; 4916 MB             ; 00:00:03                           ;
; Assembler                 ; 00:00:00     ; 1.0                     ; 4567 MB             ; 00:00:01                           ;
; TimeQuest Timing Analyzer ; 00:00:01     ; 1.0                     ; 4602 MB             ; 00:00:01                           ;
; EDA Netlist Writer        ; 00:00:01     ; 1.0                     ; 4533 MB             ; 00:00:00                           ;
; EDA Netlist Writer        ; 00:00:00     ; 1.0                     ; 4540 MB             ; 00:00:00                           ;
; EDA Netlist Writer        ; 00:00:00     ; 1.0                     ; 4540 MB             ; 00:00:01                           ;
; Total                     ; 00:00:07     ; --                      ; --                  ; 00:00:07                           ;
+---------------------------+--------------+-------------------------+---------------------+------------------------------------+


+----------------------------------------------------------------------------------------+
; Flow OS Summary                                                                        ;
+---------------------------+------------------+-----------+------------+----------------+
; Module Name               ; Machine Hostname ; OS Name   ; OS Version ; Processor type ;
+---------------------------+------------------+-----------+------------+----------------+
; Analysis & Synthesis      ; DESKTOP-GV4ONQ9  ; Windows 7 ; 6.2        ; x86_64         ;
; Fitter                    ; DESKTOP-GV4ONQ9  ; Windows 7 ; 6.2        ; x86_64         ;
; Assembler                 ; DESKTOP-GV4ONQ9  ; Windows 7 ; 6.2        ; x86_64         ;
; TimeQuest Timing Analyzer ; DESKTOP-GV4ONQ9  ; Windows 7 ; 6.2        ; x86_64         ;
; EDA Netlist Writer        ; DESKTOP-GV4ONQ9  ; Windows 7 ; 6.2        ; x86_64         ;
; EDA Netlist Writer        ; DESKTOP-GV4ONQ9  ; Windows 7 ; 6.2        ; x86_64         ;
; EDA Netlist Writer        ; DESKTOP-GV4ONQ9  ; Windows 7 ; 6.2        ; x86_64         ;
+---------------------------+------------------+-----------+------------+----------------+


------------
; Flow Log ;
------------
quartus_map --read_settings_files=on --write_settings_files=off ex04 -c ex04
quartus_fit --read_settings_files=off --write_settings_files=off ex04 -c ex04
quartus_asm --read_settings_files=off --write_settings_files=off ex04 -c ex04
quartus_sta ex04 -c ex04
quartus_eda --read_settings_files=off --write_settings_files=off ex04 -c ex04
quartus_eda --gen_testbench --check_outputs=on --tool=modelsim_oem --format=verilog ex04 -c ex04 --vector_source=D:/DE/Experiment--04-Implementation-of-combinational-logic-using-universal-gates-/Waveform2.vwf --testbench_file=D:/DE/Experiment--04-Implementation-of-combinational-logic-using-universal-gates-/simulation/qsim/Waveform2.vwf.vt
quartus_eda --functional=on --flatten_buses=off --simulation=on --tool=modelsim_oem --format=verilog --output_directory=D:/DE/Experiment--04-Implementation-of-combinational-logic-using-universal-gates-/simulation/qsim/ ex04 -c ex04



